{
  "stats": {
    "suites": 1,
    "tests": 10,
    "passes": 10,
    "pending": 0,
    "failures": 0,
    "start": "2023-11-28T19:48:12.310Z",
    "end": "2023-11-28T19:49:00.864Z",
    "duration": 48554,
    "testsRegistered": 10,
    "passPercent": 100,
    "pendingPercent": 0,
    "other": 0,
    "hasOther": false,
    "skipped": 0,
    "hasSkipped": false
  },
  "results": [
    {
      "uuid": "05ae5db6-c60f-446a-b33c-e4bb3f4f8659",
      "title": "",
      "fullFile": "C:\\Users\\sarad\\Desktop\\automatizacao-login1\\test\\doc.js",
      "file": "\\test\\doc.js",
      "beforeHooks": [],
      "afterHooks": [],
      "tests": [],
      "suites": [
        {
          "uuid": "a5918d17-74fb-4488-a6ef-5c5db4f8e82f",
          "title": "teste de login",
          "fullFile": "C:\\Users\\sarad\\Desktop\\automatizacao-login1\\test\\doc.js",
          "file": "\\test\\doc.js",
          "beforeHooks": [],
          "afterHooks": [],
          "tests": [
            {
              "title": "CT01- Login valido",
              "fullTitle": "teste de login CT01- Login valido",
              "timedOut": null,
              "duration": 4760,
              "state": "passed",
              "speed": "slow",
              "pass": true,
              "fail": false,
              "pending": false,
              "context": null,
              "code": "{\n        //construir uma pg no navegador\n            let driver= await new Builder().forBrowser(\"firefox\").build()\n        //abrir o site\n            await driver.get(\"https://www.saucedemo.com/\") \n        //esperar\n            await driver.sleep(300)\n        //campo do usuario\n            await driver.findElement(By.id(\"user-name\")).sendKeys(\"standard_user\")\n         //esperar\n             await driver.sleep(300)\n         //campo da senha\n            await driver.findElement(By.id(\"password\")).sendKeys(\"secret_sauce\")\n        //esperar\n            await driver.sleep(300)\n        //botao login\n          let elementbotao =  await driver.findElement(By.xpath(\"/html/body/div/div/div[2]/div[1]/div/div/form/input\"))\n          await elementbotao.click(By.id(\"login-button\"))\n        //sair\n        await driver.quit()\n    }",
              "err": {},
              "uuid": "d73ed47f-a27b-4a95-8022-9d6885bc748e",
              "parentUUID": null,
              "isHook": false,
              "skipped": false
            },
            {
              "title": "CT02- Username invalido ",
              "fullTitle": "teste de login CT02- Username invalido ",
              "timedOut": null,
              "duration": 4713,
              "state": "passed",
              "speed": "slow",
              "pass": true,
              "fail": false,
              "pending": false,
              "context": null,
              "code": "{\n        //construir uma pg no navegador\n            let driver= await new Builder().forBrowser(\"firefox\").build()\n        //abrir o site\n            await driver.get(\"https://www.saucedemo.com/\") \n        //esperar\n            await driver.sleep(300)\n        //campo do usuario\n            await driver.findElement(By.id(\"user-name\")).sendKeys(\"user_standard\")\n         //esperar\n             await driver.sleep(300)\n         //campo da senha\n            await driver.findElement(By.id(\"password\")).sendKeys(\"secret_sauce\")\n        //esperar\n            await driver.sleep(300)\n        //botao login\n          let elementbotao =  await driver.findElement(By.xpath(\"/html/body/div/div/div[2]/div[1]/div/div/form/input\"))\n          await elementbotao.click(By.id(\"login-button\"))\n          //assertion\n          let erro2 = await driver.findElement(By.xpath(\"/html/body/div/div/div[2]/div[1]/div/div/form/div[3]/h3\")).getText()\n          erro2.should.equal(\"Epic sadface: Username and password do not match any user in this service\")\n        //sair\n        await driver.quit()\n    }",
              "err": {},
              "uuid": "bed74bbd-5dcc-404a-bb30-528efc24cf50",
              "parentUUID": null,
              "isHook": false,
              "skipped": false
            },
            {
              "title": "CT03- Password invalida ",
              "fullTitle": "teste de login CT03- Password invalida ",
              "timedOut": null,
              "duration": 4903,
              "state": "passed",
              "speed": "slow",
              "pass": true,
              "fail": false,
              "pending": false,
              "context": null,
              "code": "{\n        //construir uma pg no navegador\n            let driver= await new Builder().forBrowser(\"firefox\").build()\n        //abrir o site\n            await driver.get(\"https://www.saucedemo.com/\") \n        //esperar\n            await driver.sleep(300)\n        //campo do usuario\n            await driver.findElement(By.id(\"user-name\")).sendKeys(\"standard_user\")\n         //esperar\n             await driver.sleep(300)\n         //campo da senha\n            await driver.findElement(By.id(\"password\")).sendKeys(\"secret_saucy\")\n        //esperar\n            await driver.sleep(300)\n        //botao login\n          let elementbotao =  await driver.findElement(By.xpath(\"/html/body/div/div/div[2]/div[1]/div/div/form/input\"))\n          await elementbotao.click(By.id(\"login-button\"))\n          //ASSERTION\n          let erro3 = await driver.findElement(By.xpath(\"/html/body/div/div/div[2]/div[1]/div/div/form/div[3]/h3\")).getText()\n          erro3.should.equal(\"Epic sadface: Username and password do not match any user in this service\")\n        //sair\n        await driver.quit()\n    }",
              "err": {},
              "uuid": "30590709-04b0-46b4-a50d-395271ca6110",
              "parentUUID": null,
              "isHook": false,
              "skipped": false
            },
            {
              "title": "CT04- User valido com letra maiuscula ",
              "fullTitle": "teste de login CT04- User valido com letra maiuscula ",
              "timedOut": null,
              "duration": 4688,
              "state": "passed",
              "speed": "slow",
              "pass": true,
              "fail": false,
              "pending": false,
              "context": null,
              "code": "{\n        //construir uma pg no navegador\n            let driver= await new Builder().forBrowser(\"firefox\").build()\n        //abrir o site\n            await driver.get(\"https://www.saucedemo.com/\") \n        //esperar\n            await driver.sleep(300)\n        //campo do usuario\n            await driver.findElement(By.id(\"user-name\")).sendKeys(\"STANDARD_USER\")\n         //esperar\n             await driver.sleep(300)\n         //campo da senha\n            await driver.findElement(By.id(\"password\")).sendKeys(\"secret_sauce\")\n        //esperar\n            await driver.sleep(300)\n        //botao login\n          let elementbotao =  await driver.findElement(By.xpath(\"/html/body/div/div/div[2]/div[1]/div/div/form/input\"))\n          await elementbotao.click(By.id(\"login-button\"))\n          //ASSERTION\n          let erro4 = await driver.findElement(By.xpath(\"/html/body/div/div/div[2]/div[1]/div/div/form/div[3]/h3\")).getText()\n          erro4.should.equal(\"Epic sadface: Username and password do not match any user in this service\")\n        //sair\n        await driver.quit()\n    }",
              "err": {},
              "uuid": "a3bacef9-bb86-4f58-a7e1-b658ea2cb72d",
              "parentUUID": null,
              "isHook": false,
              "skipped": false
            },
            {
              "title": "CT05- Login com Username válido e Password válida, em campos trocados ",
              "fullTitle": "teste de login CT05- Login com Username válido e Password válida, em campos trocados ",
              "timedOut": null,
              "duration": 5129,
              "state": "passed",
              "speed": "slow",
              "pass": true,
              "fail": false,
              "pending": false,
              "context": null,
              "code": "{\n        //construir uma pg no navegador\n            let driver= await new Builder().forBrowser(\"firefox\").build()\n        //abrir o site\n            await driver.get(\"https://www.saucedemo.com/\") \n        //esperar\n            await driver.sleep(300)\n        //campo do usuario\n            await driver.findElement(By.id(\"user-name\")).sendKeys(\"secret_sauce\")\n         //esperar\n             await driver.sleep(300)\n         //campo da senha\n            await driver.findElement(By.id(\"password\")).sendKeys(\"standard_user\")\n        //esperar\n            await driver.sleep(300)\n        //botao login\n          let elementbotao =  await driver.findElement(By.xpath(\"/html/body/div/div/div[2]/div[1]/div/div/form/input\"))\n          await elementbotao.click(By.id(\"login-button\"))\n          //ASSERTION\n          let erro5 = await driver.findElement(By.xpath(\"/html/body/div/div/div[2]/div[1]/div/div/form/div[3]/h3\")).getText()\n          erro5.should.equal(\"Epic sadface: Username and password do not match any user in this service\")\n        //sair\n        await driver.quit()\n    }",
              "err": {},
              "uuid": "1b1e16a3-fb2d-4620-8df9-85e5858315df",
              "parentUUID": null,
              "isHook": false,
              "skipped": false
            },
            {
              "title": "CT06- Login com Username vazio ",
              "fullTitle": "teste de login CT06- Login com Username vazio ",
              "timedOut": null,
              "duration": 4958,
              "state": "passed",
              "speed": "slow",
              "pass": true,
              "fail": false,
              "pending": false,
              "context": null,
              "code": "{\n        //construir uma pg no navegador\n            let driver= await new Builder().forBrowser(\"firefox\").build()\n        //abrir o site\n            await driver.get(\"https://www.saucedemo.com/\") \n        //esperar\n            await driver.sleep(300)\n        //campo do usuario\n            await driver.findElement(By.id(\"user-name\")).sendKeys(\"\")\n         //esperar\n             await driver.sleep(300)\n         //campo da senha\n            await driver.findElement(By.id(\"password\")).sendKeys(\"secret_sauce\")\n        //esperar\n            await driver.sleep(300)\n        //botao login\n          let elementbotao =  await driver.findElement(By.xpath(\"/html/body/div/div/div[2]/div[1]/div/div/form/input\"))\n          await elementbotao.click(By.id(\"login-button\"))\n          //ASSERTION\n          let erro6 = await driver.findElement(By.xpath(\"/html/body/div/div/div[2]/div[1]/div/div/form/div[3]/h3\")).getText()\n          erro6.should.equal(\"Epic sadface: Username is required\")\n        //sair\n        await driver.quit()\n    }",
              "err": {},
              "uuid": "2be73ae4-925c-412c-a51e-795660cab1ce",
              "parentUUID": null,
              "isHook": false,
              "skipped": false
            },
            {
              "title": "CT07- Login com Password vazia",
              "fullTitle": "teste de login CT07- Login com Password vazia",
              "timedOut": null,
              "duration": 4607,
              "state": "passed",
              "speed": "slow",
              "pass": true,
              "fail": false,
              "pending": false,
              "context": null,
              "code": "{\n        //construir uma pg no navegador\n            let driver= await new Builder().forBrowser(\"firefox\").build()\n        //abrir o site\n            await driver.get(\"https://www.saucedemo.com/\") \n        //esperar\n            await driver.sleep(300)\n        //campo do usuario\n            await driver.findElement(By.id(\"user-name\")).sendKeys(\"standard_user\")\n         //esperar\n             await driver.sleep(300)\n         //campo da senha\n            await driver.findElement(By.id(\"password\")).sendKeys(\"\")\n        //esperar\n            await driver.sleep(300)\n        //botao login\n          let elementbotao =  await driver.findElement(By.xpath(\"/html/body/div/div/div[2]/div[1]/div/div/form/input\"))\n          await elementbotao.click(By.id(\"login-button\"))\n          //ASSERTION\n          let erro7 = await driver.findElement(By.xpath(\"/html/body/div/div/div[2]/div[1]/div/div/form/div[3]/h3\")).getText()\n          erro7.should.equal(\"Epic sadface: Password is required\")\n        //sair\n        await driver.quit()\n    }",
              "err": {},
              "uuid": "c6e2f618-ba3d-44d7-8f5f-75508f112b5d",
              "parentUUID": null,
              "isHook": false,
              "skipped": false
            },
            {
              "title": "CT08- Login com ambos os campos vazios",
              "fullTitle": "teste de login CT08- Login com ambos os campos vazios",
              "timedOut": null,
              "duration": 4743,
              "state": "passed",
              "speed": "slow",
              "pass": true,
              "fail": false,
              "pending": false,
              "context": null,
              "code": "{\n        //construir uma pg no navegador\n            let driver= await new Builder().forBrowser(\"firefox\").build()\n        //abrir o site\n            await driver.get(\"https://www.saucedemo.com/\") \n        //esperar\n            await driver.sleep(300)\n        //campo do usuario\n            await driver.findElement(By.id(\"user-name\")).sendKeys(\"\")\n         //esperar\n             await driver.sleep(300)\n         //campo da senha\n            await driver.findElement(By.id(\"password\")).sendKeys(\"\")\n        //esperar\n            await driver.sleep(300)\n        //botao login\n          let elementbotao =  await driver.findElement(By.xpath(\"/html/body/div/div/div[2]/div[1]/div/div/form/input\"))\n          await elementbotao.click(By.id(\"login-button\"))\n          //ASSERTION\n          let erro8 = await driver.findElement(By.xpath(\"/html/body/div/div/div[2]/div[1]/div/div/form/div[3]/h3\")).getText()\n          erro8.should.equal(\"Epic sadface: Username is required\")\n        //sair\n        await driver.quit()\n    }",
              "err": {},
              "uuid": "98093a0c-a2c4-4762-85a1-271fd6486f71",
              "parentUUID": null,
              "isHook": false,
              "skipped": false
            },
            {
              "title": "CT09- Login com espaço antes/depois do Username",
              "fullTitle": "teste de login CT09- Login com espaço antes/depois do Username",
              "timedOut": null,
              "duration": 4753,
              "state": "passed",
              "speed": "slow",
              "pass": true,
              "fail": false,
              "pending": false,
              "context": null,
              "code": "{\n        //construir uma pg no navegador\n            let driver= await new Builder().forBrowser(\"firefox\").build()\n        //abrir o site\n            await driver.get(\"https://www.saucedemo.com/\") \n        //esperar\n            await driver.sleep(300)\n        //campo do usuario\n            await driver.findElement(By.id(\"user-name\")).sendKeys(\" standard_user \")\n         //esperar\n             await driver.sleep(300)\n         //campo da senha\n            await driver.findElement(By.id(\"password\")).sendKeys(\"secret_sauce\")\n        //esperar\n            await driver.sleep(300)\n        //botao login\n          let elementbotao =  await driver.findElement(By.xpath(\"/html/body/div/div/div[2]/div[1]/div/div/form/input\"))\n          await elementbotao.click(By.id(\"login-button\"))\n          //ASSERTION\n          let erro9 = await driver.findElement(By.xpath(\"/html/body/div/div/div[2]/div[1]/div/div/form/div[3]/h3\")).getText()\n          erro9.should.equal(\"Epic sadface: Username and password do not match any user in this service\")\n        //sair\n        await driver.quit()\n    }",
              "err": {},
              "uuid": "707cad89-4134-4b05-a123-0c4510551b97",
              "parentUUID": null,
              "isHook": false,
              "skipped": false
            },
            {
              "title": "CT10- Login com Password válida, porém com letras maiusculas ",
              "fullTitle": "teste de login CT10- Login com Password válida, porém com letras maiusculas ",
              "timedOut": null,
              "duration": 4991,
              "state": "passed",
              "speed": "slow",
              "pass": true,
              "fail": false,
              "pending": false,
              "context": null,
              "code": "{\n        //construir uma pg no navegador\n            let driver= await new Builder().forBrowser(\"firefox\").build()\n        //abrir o site\n            await driver.get(\"https://www.saucedemo.com/\") \n        //esperar\n            await driver.sleep(300)\n        //campo do usuario\n            await driver.findElement(By.id(\"user-name\")).sendKeys(\"standard_user\")\n         //esperar\n             await driver.sleep(300)\n         //campo da senha\n            await driver.findElement(By.id(\"password\")).sendKeys(\"SECRET_SAUCE\")\n        //esperar\n            await driver.sleep(300)\n        //botao login\n          let elementbotao =  await driver.findElement(By.xpath(\"/html/body/div/div/div[2]/div[1]/div/div/form/input\"))\n          await elementbotao.click(By.id(\"login-button\"))\n          //ASSERTION\n          let erro10 = await driver.findElement(By.xpath(\"/html/body/div/div/div[2]/div[1]/div/div/form/div[3]/h3\")).getText()\n          erro10.should.equal(\"Epic sadface: Username and password do not match any user in this service\")\n        //sair\n        await driver.quit()\n    }",
              "err": {},
              "uuid": "e4824704-132d-4d99-83e0-eb26b25e9306",
              "parentUUID": null,
              "isHook": false,
              "skipped": false
            }
          ],
          "suites": [],
          "passes": [
            "d73ed47f-a27b-4a95-8022-9d6885bc748e",
            "bed74bbd-5dcc-404a-bb30-528efc24cf50",
            "30590709-04b0-46b4-a50d-395271ca6110",
            "a3bacef9-bb86-4f58-a7e1-b658ea2cb72d",
            "1b1e16a3-fb2d-4620-8df9-85e5858315df",
            "2be73ae4-925c-412c-a51e-795660cab1ce",
            "c6e2f618-ba3d-44d7-8f5f-75508f112b5d",
            "98093a0c-a2c4-4762-85a1-271fd6486f71",
            "707cad89-4134-4b05-a123-0c4510551b97",
            "e4824704-132d-4d99-83e0-eb26b25e9306"
          ],
          "failures": [],
          "pending": [],
          "skipped": [],
          "duration": 48245,
          "root": false,
          "rootEmpty": false,
          "_timeout": null
        }
      ],
      "passes": [],
      "failures": [],
      "pending": [],
      "skipped": [],
      "duration": 0,
      "root": true,
      "rootEmpty": true,
      "_timeout": 0
    }
  ],
  "meta": {
    "mocha": {
      "version": "10.2.0"
    },
    "mochawesome": {
      "options": {
        "quiet": false,
        "reportFilename": "mochawesome",
        "saveHtml": true,
        "saveJson": true,
        "consoleReporter": "spec",
        "useInlineDiffs": false,
        "code": true
      },
      "version": "7.1.3"
    },
    "marge": {
      "options": null,
      "version": "6.2.0"
    }
  }
}